c:\users\lx\desktop\线路板检测\软件\circuitboardinspection\circuitboardinspection\x64\release\uic\ui_circuitboardinspection.h
c:\users\lx\desktop\线路板检测\软件\circuitboardinspection\circuitboardinspection\x64\release\rcc\qrc_circuitboardinspection.cpp
c:\users\lx\desktop\线路板检测\软件\circuitboardinspection\circuitboardinspection\x64\release\moc\moc_circuitboardinspection.cpp
c:\users\lx\desktop\线路板检测\软件\circuitboardinspection\circuitboardinspection\x64\release\uic\ui_processdisplay.h
c:\users\lx\desktop\线路板检测\软件\circuitboardinspection\circuitboardinspection\x64\release\uic\ui_statistics.h
c:\users\lx\desktop\线路板检测\软件\circuitboardinspection\circuitboardinspection\x64\release\uic\ui_window.h
c:\users\lx\desktop\线路板检测\软件\circuitboardinspection\circuitboardinspection\x64\release\moc\moc_processdisplay.cpp
c:\users\lx\desktop\线路板检测\软件\circuitboardinspection\circuitboardinspection\x64\release\moc\moc_statistics.cpp
c:\users\lx\desktop\线路板检测\软件\circuitboardinspection\circuitboardinspection\x64\release\moc\moc_threadforlistenexternalsignal.cpp
c:\users\lx\desktop\线路板检测\软件\circuitboardinspection\circuitboardinspection\x64\release\moc\moc_threadforrealtimegrab.cpp
c:\users\lx\desktop\线路板检测\软件\circuitboardinspection\circuitboardinspection\x64\release\moc\moc_windowclass.cpp
c:\users\lx\desktop\线路板检测\软件\circuitboardinspection\circuitboardinspection\x64\release\main.obj
c:\users\lx\desktop\线路板检测\软件\circuitboardinspection\circuitboardinspection\x64\release\circuitboardinspection.obj
c:\users\lx\desktop\线路板检测\软件\circuitboardinspection\circuitboardinspection\x64\release\qrc_circuitboardinspection.obj
c:\users\lx\desktop\线路板检测\软件\circuitboardinspection\circuitboardinspection\x64\release\moc_circuitboardinspection.obj
c:\users\lx\desktop\线路板检测\软件\circuitboardinspection\circuitboardinspection\x64\release\mycamera.obj
c:\users\lx\desktop\线路板检测\软件\circuitboardinspection\circuitboardinspection\x64\release\threadforlistenexternalsignal.obj
c:\users\lx\desktop\线路板检测\软件\circuitboardinspection\circuitboardinspection\x64\release\imageprocess.obj
c:\users\lx\desktop\线路板检测\软件\circuitboardinspection\circuitboardinspection\x64\release\processdisplay.obj
c:\users\lx\desktop\线路板检测\软件\circuitboardinspection\circuitboardinspection\x64\release\threadforrealtimegrab.obj
c:\users\lx\desktop\线路板检测\软件\circuitboardinspection\circuitboardinspection\x64\release\statistics.obj
c:\users\lx\desktop\线路板检测\软件\circuitboardinspection\circuitboardinspection\x64\release\mysqlsetting.obj
c:\users\lx\desktop\线路板检测\软件\circuitboardinspection\circuitboardinspection\x64\release\windowclass.obj
c:\users\lx\desktop\线路板检测\软件\circuitboardinspection\circuitboardinspection\x64\release\moc_threadforlistenexternalsignal.obj
c:\users\lx\desktop\线路板检测\软件\circuitboardinspection\circuitboardinspection\x64\release\moc_threadforrealtimegrab.obj
c:\users\lx\desktop\线路板检测\软件\circuitboardinspection\circuitboardinspection\x64\release\moc_processdisplay.obj
c:\users\lx\desktop\线路板检测\软件\circuitboardinspection\circuitboardinspection\x64\release\moc_windowclass.obj
c:\users\lx\desktop\线路板检测\软件\circuitboardinspection\circuitboardinspection\x64\release\moc_statistics.obj
c:\users\lx\desktop\线路板检测\软件\circuitboardinspection\circuitboardinspection\x64\release\rs232.obj
c:\users\lx\desktop\线路板检测\软件\circuitboardinspection\x64\release\circuitboardinspection.exe
c:\users\lx\desktop\线路板检测\软件\circuitboardinspection\circuitboardinspection\x64\release\circuitb.8fcfdfdb.tlog\circuitboardinspection.write.1u.tlog
c:\users\lx\desktop\线路板检测\软件\circuitboardinspection\circuitboardinspection\x64\release\circuitb.8fcfdfdb.tlog\cl.command.1.tlog
c:\users\lx\desktop\线路板检测\软件\circuitboardinspection\circuitboardinspection\x64\release\circuitb.8fcfdfdb.tlog\cl.read.1.tlog
c:\users\lx\desktop\线路板检测\软件\circuitboardinspection\circuitboardinspection\x64\release\circuitb.8fcfdfdb.tlog\cl.write.1.tlog
c:\users\lx\desktop\线路板检测\软件\circuitboardinspection\circuitboardinspection\x64\release\circuitb.8fcfdfdb.tlog\link.command.1.tlog
c:\users\lx\desktop\线路板检测\软件\circuitboardinspection\circuitboardinspection\x64\release\circuitb.8fcfdfdb.tlog\link.read.1.tlog
c:\users\lx\desktop\线路板检测\软件\circuitboardinspection\circuitboardinspection\x64\release\circuitb.8fcfdfdb.tlog\link.write.1.tlog
c:\users\lx\desktop\线路板检测\软件\circuitboardinspection\circuitboardinspection\x64\release\circuitb.8fcfdfdb.tlog\moc.read.1u.tlog
c:\users\lx\desktop\线路板检测\软件\circuitboardinspection\circuitboardinspection\x64\release\circuitb.8fcfdfdb.tlog\moc.write.1u.tlog
c:\users\lx\desktop\线路板检测\软件\circuitboardinspection\circuitboardinspection\x64\release\circuitb.8fcfdfdb.tlog\rcc.read.1u.tlog
c:\users\lx\desktop\线路板检测\软件\circuitboardinspection\circuitboardinspection\x64\release\circuitb.8fcfdfdb.tlog\rcc.write.1u.tlog
c:\users\lx\desktop\线路板检测\软件\circuitboardinspection\circuitboardinspection\x64\release\circuitb.8fcfdfdb.tlog\uic.read.1u.tlog
c:\users\lx\desktop\线路板检测\软件\circuitboardinspection\circuitboardinspection\x64\release\circuitb.8fcfdfdb.tlog\uic.write.1u.tlog
